# JRE version: OpenJDK Runtime Environment (21.0.8) (build 21.0.8+-14196175-b1038.72)
# Java VM: OpenJDK 64-Bit Server VM (21.0.8+-14196175-b1038.72, mixed mode, tiered, compressed oops, compressed class ptrs, g1 gc, windows-amd64)
GC Precious Log:
 CardTable entry size: 512
 Card Set container configuration: InlinePtr #cards 4 size 8 Array Of Cards #cards 32 size 80 Howl #buckets 8 coarsen threshold 7372 Howl Bitmap #cards 1024 size 144 coarsen threshold 921 Card regions per heap region 1 cards per card region 8192
 CPUs: 20 total, 20 available
 Memory: 16122M
 Large Page Support: Disabled
 NUMA Support: Disabled
 Compressed Oops: Enabled (Zero based)
 Heap Region Size: 4M
 Heap Min Capacity: 8M
 Heap Initial Capacity: 252M
 Heap Max Capacity: 8G
 Pre-touch: Disabled
 Parallel Workers: 15
 Concurrent Workers: 4
 Concurrent Refinement Workers: 15
 Periodic GC: Disabled
Heap:
 garbage-first heap   total 356352K, used 303793K [0x0000000600000000, 0x0000000800000000)
  region size 4096K, 24 young (98304K), 2 survivors (8192K)
 Metaspace       used 137681K, committed 140096K, reserved 1179648K
  class space    used 19387K, committed 20544K, reserved 1048576K
GC Heap History (20 events):
Event: 33.675 GC heap before
{Heap before GC invocations=42 (full 0):
 garbage-first heap   total 274432K, used 237763K [0x0000000600000000, 0x0000000800000000)
  region size 4096K, 31 young (126976K), 3 survivors (12288K)
 Metaspace       used 125623K, committed 127872K, reserved 1179648K
  class space    used 17779K, committed 18880K, reserved 1048576K
}
Event: 33.689 GC heap after
{Heap after GC invocations=43 (full 0):
 garbage-first heap   total 274432K, used 139695K [0x0000000600000000, 0x0000000800000000)
  region size 4096K, 4 young (16384K), 4 survivors (16384K)
 Metaspace       used 125623K, committed 127872K, reserved 1179648K
  class space    used 17779K, committed 18880K, reserved 1048576K
}
Event: 34.808 GC heap before
{Heap before GC invocations=44 (full 0):
 garbage-first heap   total 274432K, used 237999K [0x0000000600000000, 0x0000000800000000)
  region size 4096K, 28 young (114688K), 4 survivors (16384K)
 Metaspace       used 125855K, committed 128064K, reserved 1179648K
  class space    used 17800K, committed 18880K, reserved 1048576K
}
Event: 34.820 GC heap after
{Heap after GC invocations=45 (full 0):
 garbage-first heap   total 274432K, used 152546K [0x0000000600000000, 0x0000000800000000)
  region size 4096K, 4 young (16384K), 4 survivors (16384K)
 Metaspace       used 125855K, committed 128064K, reserved 1179648K
  class space    used 17800K, committed 18880K, reserved 1048576K
}
Event: 35.744 GC heap before
{Heap before GC invocations=45 (full 0):
 garbage-first heap   total 274432K, used 234466K [0x0000000600000000, 0x0000000800000000)
  region size 4096K, 25 young (102400K), 4 survivors (16384K)
 Metaspace       used 126079K, committed 128320K, reserved 1179648K
  class space    used 17845K, committed 18944K, reserved 1048576K
}
Event: 35.756 GC heap after
{Heap after GC invocations=46 (full 0):
 garbage-first heap   total 274432K, used 160168K [0x0000000600000000, 0x0000000800000000)
  region size 4096K, 4 young (16384K), 4 survivors (16384K)
 Metaspace       used 126079K, committed 128320K, reserved 1179648K
  class space    used 17845K, committed 18944K, reserved 1048576K
}
Event: 36.504 GC heap before
{Heap before GC invocations=46 (full 0):
 garbage-first heap   total 274432K, used 233896K [0x0000000600000000, 0x0000000800000000)
  region size 4096K, 23 young (94208K), 4 survivors (16384K)
 Metaspace       used 126134K, committed 128384K, reserved 1179648K
  class space    used 17850K, committed 18944K, reserved 1048576K
}
Event: 36.513 GC heap after
{Heap after GC invocations=47 (full 0):
 garbage-first heap   total 274432K, used 163671K [0x0000000600000000, 0x0000000800000000)
  region size 4096K, 2 young (8192K), 2 survivors (8192K)
 Metaspace       used 126134K, committed 128384K, reserved 1179648K
  class space    used 17850K, committed 18944K, reserved 1048576K
}
Event: 37.710 GC heap before
{Heap before GC invocations=48 (full 0):
 garbage-first heap   total 282624K, used 237399K [0x0000000600000000, 0x0000000800000000)
  region size 4096K, 21 young (86016K), 2 survivors (8192K)
 Metaspace       used 126473K, committed 128768K, reserved 1179648K
  class space    used 17889K, committed 19008K, reserved 1048576K
}
Event: 37.720 GC heap after
{Heap after GC invocations=49 (full 0):
 garbage-first heap   total 282624K, used 170924K [0x0000000600000000, 0x0000000800000000)
  region size 4096K, 3 young (12288K), 3 survivors (12288K)
 Metaspace       used 126473K, committed 128768K, reserved 1179648K
  class space    used 17889K, committed 19008K, reserved 1048576K
}
Event: 38.041 GC heap before
{Heap before GC invocations=49 (full 0):
 garbage-first heap   total 282624K, used 244652K [0x0000000600000000, 0x0000000800000000)
  region size 4096K, 22 young (90112K), 3 survivors (12288K)
 Metaspace       used 126473K, committed 128768K, reserved 1179648K
  class space    used 17889K, committed 19008K, reserved 1048576K
}
Event: 38.055 GC heap after
{Heap after GC invocations=50 (full 0):
 garbage-first heap   total 339968K, used 172900K [0x0000000600000000, 0x0000000800000000)
  region size 4096K, 2 young (8192K), 2 survivors (8192K)
 Metaspace       used 126473K, committed 128768K, reserved 1179648K
  class space    used 17889K, committed 19008K, reserved 1048576K
}
Event: 40.343 GC heap before
{Heap before GC invocations=50 (full 0):
 garbage-first heap   total 339968K, used 295780K [0x0000000600000000, 0x0000000800000000)
  region size 4096K, 33 young (135168K), 2 survivors (8192K)
 Metaspace       used 127149K, committed 129472K, reserved 1179648K
  class space    used 17969K, committed 19072K, reserved 1048576K
}
Event: 40.356 GC heap after
{Heap after GC invocations=51 (full 0):
 garbage-first heap   total 339968K, used 191030K [0x0000000600000000, 0x0000000800000000)
  region size 4096K, 5 young (20480K), 5 survivors (20480K)
 Metaspace       used 127149K, committed 129472K, reserved 1179648K
  class space    used 17969K, committed 19072K, reserved 1048576K
}
Event: 41.410 GC heap before
{Heap before GC invocations=51 (full 0):
 garbage-first heap   total 339968K, used 293430K [0x0000000600000000, 0x0000000800000000)
  region size 4096K, 31 young (126976K), 5 survivors (20480K)
 Metaspace       used 127600K, committed 129984K, reserved 1179648K
  class space    used 18014K, committed 19136K, reserved 1048576K
}
Event: 41.423 GC heap after
{Heap after GC invocations=52 (full 0):
 garbage-first heap   total 339968K, used 203071K [0x0000000600000000, 0x0000000800000000)
  region size 4096K, 4 young (16384K), 4 survivors (16384K)
 Metaspace       used 127600K, committed 129984K, reserved 1179648K
  class space    used 18014K, committed 19136K, reserved 1048576K
}
Event: 42.119 GC heap before
{Heap before GC invocations=52 (full 0):
 garbage-first heap   total 339968K, used 293183K [0x0000000600000000, 0x0000000800000000)
  region size 4096K, 27 young (110592K), 4 survivors (16384K)
 Metaspace       used 127937K, committed 130304K, reserved 1179648K
  class space    used 18058K, committed 19200K, reserved 1048576K
}
Event: 42.130 GC heap after
{Heap after GC invocations=53 (full 0):
 garbage-first heap   total 339968K, used 210204K [0x0000000600000000, 0x0000000800000000)
  region size 4096K, 3 young (12288K), 3 survivors (12288K)
 Metaspace       used 127937K, committed 130304K, reserved 1179648K
  class space    used 18058K, committed 19200K, reserved 1048576K
}
Event: 43.811 GC heap before
{Heap before GC invocations=54 (full 0):
 garbage-first heap   total 356352K, used 300316K [0x0000000600000000, 0x0000000800000000)
  region size 4096K, 25 young (102400K), 3 survivors (12288K)
 Metaspace       used 134433K, committed 136768K, reserved 1179648K
  class space    used 18960K, committed 20096K, reserved 1048576K
}
Event: 43.823 GC heap after
{Heap after GC invocations=55 (full 0):
 garbage-first heap   total 356352K, used 217777K [0x0000000600000000, 0x0000000800000000)
  region size 4096K, 2 young (8192K), 2 survivors (8192K)
 Metaspace       used 134433K, committed 136768K, reserved 1179648K
  class space    used 18960K, committed 20096K, reserved 1048576K
}

