# JRE version: OpenJDK Runtime Environment (21.0.8) (build 21.0.8+-14196175-b1038.72)
# Java VM: OpenJDK 64-Bit Server VM (21.0.8+-14196175-b1038.72, mixed mode, tiered, compressed oops, compressed class ptrs, g1 gc, windows-amd64)
GC Precious Log:
 CardTable entry size: 512
 Card Set container configuration: InlinePtr #cards 4 size 8 Array Of Cards #cards 32 size 80 Howl #buckets 8 coarsen threshold 7372 Howl Bitmap #cards 1024 size 144 coarsen threshold 921 Card regions per heap region 1 cards per card region 8192
 CPUs: 20 total, 20 available
 Memory: 16122M
 Large Page Support: Disabled
 NUMA Support: Disabled
 Compressed Oops: Enabled (Zero based)
 Heap Region Size: 4M
 Heap Min Capacity: 8M
 Heap Initial Capacity: 252M
 Heap Max Capacity: 8G
 Pre-touch: Disabled
 Parallel Workers: 15
 Concurrent Workers: 4
 Concurrent Refinement Workers: 15
 Periodic GC: Disabled
Heap:
 garbage-first heap   total 405504K, used 288563K [0x0000000600000000, 0x0000000800000000)
  region size 4096K, 23 young (94208K), 5 survivors (20480K)
 Metaspace       used 131982K, committed 134336K, reserved 1179648K
  class space    used 18637K, committed 19776K, reserved 1048576K
GC Heap History (20 events):
Event: 38.955 GC heap before
{Heap before GC invocations=37 (full 0):
 garbage-first heap   total 241664K, used 208409K [0x0000000600000000, 0x0000000800000000)
  region size 4096K, 21 young (86016K), 3 survivors (12288K)
 Metaspace       used 119806K, committed 121984K, reserved 1179648K
  class space    used 17033K, committed 18112K, reserved 1048576K
}
Event: 38.964 GC heap after
{Heap after GC invocations=38 (full 0):
 garbage-first heap   total 241664K, used 142068K [0x0000000600000000, 0x0000000800000000)
  region size 4096K, 3 young (12288K), 3 survivors (12288K)
 Metaspace       used 119806K, committed 121984K, reserved 1179648K
  class space    used 17033K, committed 18112K, reserved 1048576K
}
Event: 39.854 GC heap before
{Heap before GC invocations=38 (full 0):
 garbage-first heap   total 241664K, used 203508K [0x0000000600000000, 0x0000000800000000)
  region size 4096K, 19 young (77824K), 3 survivors (12288K)
 Metaspace       used 120066K, committed 122240K, reserved 1179648K
  class space    used 17055K, committed 18112K, reserved 1048576K
}
Event: 39.867 GC heap after
{Heap after GC invocations=39 (full 0):
 garbage-first heap   total 241664K, used 148364K [0x0000000600000000, 0x0000000800000000)
  region size 4096K, 3 young (12288K), 3 survivors (12288K)
 Metaspace       used 120066K, committed 122240K, reserved 1179648K
  class space    used 17055K, committed 18112K, reserved 1048576K
}
Event: 39.975 GC heap before
{Heap before GC invocations=39 (full 0):
 garbage-first heap   total 241664K, used 205708K [0x0000000600000000, 0x0000000800000000)
  region size 4096K, 18 young (73728K), 3 survivors (12288K)
 Metaspace       used 120066K, committed 122240K, reserved 1179648K
  class space    used 17055K, committed 18112K, reserved 1048576K
}
Event: 39.984 GC heap after
{Heap after GC invocations=40 (full 0):
 garbage-first heap   total 241664K, used 150716K [0x0000000600000000, 0x0000000800000000)
  region size 4096K, 2 young (8192K), 2 survivors (8192K)
 Metaspace       used 120066K, committed 122240K, reserved 1179648K
  class space    used 17055K, committed 18112K, reserved 1048576K
}
Event: 41.015 GC heap before
{Heap before GC invocations=41 (full 0):
 garbage-first heap   total 262144K, used 208060K [0x0000000600000000, 0x0000000800000000)
  region size 4096K, 17 young (69632K), 2 survivors (8192K)
 Metaspace       used 120373K, committed 122624K, reserved 1179648K
  class space    used 17106K, committed 18176K, reserved 1048576K
}
Event: 41.024 GC heap after
{Heap after GC invocations=42 (full 0):
 garbage-first heap   total 262144K, used 161102K [0x0000000600000000, 0x0000000800000000)
  region size 4096K, 3 young (12288K), 3 survivors (12288K)
 Metaspace       used 120373K, committed 122624K, reserved 1179648K
  class space    used 17106K, committed 18176K, reserved 1048576K
}
Event: 41.171 GC heap before
{Heap before GC invocations=42 (full 0):
 garbage-first heap   total 262144K, used 230734K [0x0000000600000000, 0x0000000800000000)
  region size 4096K, 20 young (81920K), 3 survivors (12288K)
 Metaspace       used 120373K, committed 122624K, reserved 1179648K
  class space    used 17106K, committed 18176K, reserved 1048576K
}
Event: 41.181 GC heap after
{Heap after GC invocations=43 (full 0):
 garbage-first heap   total 262144K, used 164811K [0x0000000600000000, 0x0000000800000000)
  region size 4096K, 2 young (8192K), 2 survivors (8192K)
 Metaspace       used 120373K, committed 122624K, reserved 1179648K
  class space    used 17106K, committed 18176K, reserved 1048576K
}
Event: 42.096 GC heap before
{Heap before GC invocations=43 (full 0):
 garbage-first heap   total 262144K, used 226251K [0x0000000600000000, 0x0000000800000000)
  region size 4096K, 18 young (73728K), 2 survivors (8192K)
 Metaspace       used 120764K, committed 123008K, reserved 1179648K
  class space    used 17144K, committed 18240K, reserved 1048576K
}
Event: 42.104 GC heap after
{Heap after GC invocations=44 (full 0):
 garbage-first heap   total 262144K, used 172200K [0x0000000600000000, 0x0000000800000000)
  region size 4096K, 3 young (12288K), 3 survivors (12288K)
 Metaspace       used 120764K, committed 123008K, reserved 1179648K
  class space    used 17144K, committed 18240K, reserved 1048576K
}
Event: 42.263 GC heap before
{Heap before GC invocations=44 (full 0):
 garbage-first heap   total 294912K, used 221352K [0x0000000600000000, 0x0000000800000000)
  region size 4096K, 16 young (65536K), 3 survivors (12288K)
 Metaspace       used 120765K, committed 123008K, reserved 1179648K
  class space    used 17144K, committed 18240K, reserved 1048576K
}
Event: 42.272 GC heap after
{Heap after GC invocations=45 (full 0):
 garbage-first heap   total 405504K, used 174180K [0x0000000600000000, 0x0000000800000000)
  region size 4096K, 2 young (8192K), 2 survivors (8192K)
 Metaspace       used 120765K, committed 123008K, reserved 1179648K
  class space    used 17144K, committed 18240K, reserved 1048576K
}
Event: 43.816 GC heap before
{Heap before GC invocations=46 (full 0):
 garbage-first heap   total 405504K, used 346212K [0x0000000600000000, 0x0000000800000000)
  region size 4096K, 45 young (184320K), 2 survivors (8192K)
 Metaspace       used 121476K, committed 123776K, reserved 1179648K
  class space    used 17222K, committed 18304K, reserved 1048576K
}
Event: 43.830 GC heap after
{Heap after GC invocations=47 (full 0):
 garbage-first heap   total 405504K, used 191893K [0x0000000600000000, 0x0000000800000000)
  region size 4096K, 6 young (24576K), 6 survivors (24576K)
 Metaspace       used 121476K, committed 123776K, reserved 1179648K
  class space    used 17222K, committed 18304K, reserved 1048576K
}
Event: 44.779 GC heap before
{Heap before GC invocations=47 (full 0):
 garbage-first heap   total 405504K, used 322965K [0x0000000600000000, 0x0000000800000000)
  region size 4096K, 39 young (159744K), 6 survivors (24576K)
 Metaspace       used 121924K, committed 124224K, reserved 1179648K
  class space    used 17265K, committed 18368K, reserved 1048576K
}
Event: 44.796 GC heap after
{Heap after GC invocations=48 (full 0):
 garbage-first heap   total 405504K, used 201699K [0x0000000600000000, 0x0000000800000000)
  region size 4096K, 4 young (16384K), 4 survivors (16384K)
 Metaspace       used 121924K, committed 124224K, reserved 1179648K
  class space    used 17265K, committed 18368K, reserved 1048576K
}
Event: 48.077 GC heap before
{Heap before GC invocations=48 (full 0):
 garbage-first heap   total 405504K, used 336867K [0x0000000600000000, 0x0000000800000000)
  region size 4096K, 37 young (151552K), 4 survivors (16384K)
 Metaspace       used 129297K, committed 131648K, reserved 1179648K
  class space    used 18275K, committed 19392K, reserved 1048576K
}
Event: 48.093 GC heap after
{Heap after GC invocations=49 (full 0):
 garbage-first heap   total 405504K, used 218931K [0x0000000600000000, 0x0000000800000000)
  region size 4096K, 5 young (20480K), 5 survivors (20480K)
 Metaspace       used 129297K, committed 131648K, reserved 1179648K
  class space    used 18275K, committed 19392K, reserved 1048576K
}

